#
# A fatal error has been detected by the Java Runtime Environment:
#
#  SIGBUS (0xa) at pc=0x00007fffb61fdf3d, pid=38377, tid=0x0000000000001007
#
# JRE version: Java(TM) SE Runtime Environment (8.0_131-b11) (build 1.8.0_131-b11)
# Java VM: Java HotSpot(TM) 64-Bit Server VM (25.131-b11 mixed mode bsd-amd64 compressed oops)
# Problematic frame:
# C  [libsystem_platform.dylib+0x5f3d]  _platform_memmove$VARIANT$Haswell+0x9d
#
# Failed to write core dump. Core dumps have been disabled. To enable core dumping, try "ulimit -c unlimited" before starting Java again
#
# If you would like to submit a bug report, please visit:
#   http://bugreport.java.com/bugreport/crash.jsp
# The crash happened outside the Java Virtual Machine in native code.
# See problematic frame for where to report the bug.
#

---------------  T H R E A D  ---------------

Current thread (0x00007fdf1d4f0800):  JavaThread "BuilderThread 0" [_thread_in_native, id=4103, stack(0x000070000d326000,0x000070000d426000)]

siginfo: si_signo: 10 (SIGBUS), si_code: 2 (BUS_ADRERR), si_addr: 0x000000012e73ea1f

Registers:
RAX=0x00007fdf231a6b30, RBX=0x000000012e73e9f1, RCX=0x0000000000000001, RDX=0x0000000000000007
RSP=0x000070000d423fc0, RBP=0x000070000d423fc0, RSI=0x000000012e73ea1f, RDI=0x00007fdf231a6b30
R8 =0x0000000000000010, R9 =0x00007fdf231a6b30, R10=0x00007fdf23100000, R11=0x00007fddf4a68111
R12=0x0000000000000002, R13=0x0000000000000004, R14=0x00007fdf231711b0, R15=0x000000000000000f
RIP=0x00007fffb61fdf3d, EFLAGS=0x0000000000010202, ERR=0x0000000000000004
  TRAPNO=0x000000000000000e

Top of Stack: (sp=0x000070000d423fc0)
0x000070000d423fc0:   000070000d424160 000000010ad2a385
0x000070000d423fd0:   000000010ac7f600 000000012e824226
0x000070000d423fe0:   fffffffed264d000 00007fdf1efec400
0x000070000d423ff0:   000000012e824254 0000000000001347
0x000070000d424000:   0000000000d8b2bd 000000000000268c
0x000070000d424010:   000000012e73e2bd 00000000000e5f97
0x000070000d424020:   000000012e73ea1f 000000012dab9158
0x000070000d424030:   0000000000000015 000000000000000f
0x000070000d424040:   000070000d424070 00007fffb616d282
0x000070000d424050:   0000000000000078 000070000d424108
0x000070000d424060:   0000000000000007 0000000000000078
0x000070000d424070:   000070000d424090 00007fffb616c200
0x000070000d424080:   0000000006054b50 000e5f97268c268c
0x000070000d424090:   0000000000d8b2bd 0024dc270c28557e
0x000070000d4240a0:   004e000000220000 0000000000000000
0x000070000d4240b0:   00d8b21d00000000 464e492d4154454d
0x000070000d4240c0:   656369767265732f 6f632e67726f2f73
0x000070000d4240d0:   732e737561686564 6c61762e32786174
0x000070000d4240e0:   2e6e6f6974616469 64696c61564c4d58
0x000070000d4240f0:   6863536e6f697461 6f74636146616d65
0x000070000d424100:   4b506333772e7972 268c000000000605
0x000070000d424110:   b2bd000e5f97268c 00007fff000000d8
0x000070000d424120:   000070000d424140 000000010ad28473
0x000070000d424130:   210a00c0e5e30009 0000000000000001
0x000070000d424140:   00007fdf231711b0 00007fdf231a69d0
0x000070000d424150:   000070000d4242d0 0000000000000221
0x000070000d424160:   000070000d4242b0 000000010ad2a697
0x000070000d424170:   000070000d424210 0000015cea070e70
0x000070000d424180:   0000000004034b50 0000000000000075
0x000070000d424190:   000070000d424200 000000010c121b02
0x000070000d4241a0:   0000003000000018 000070000d4241d0
0x000070000d4241b0:   000070000d4240f0 0000000000000076 

Instructions: (pc=0x00007fffb61fdf3d)
0x00007fffb61fdf1d:   20 48 83 ea 20 c5 f8 77 48 83 c2 10 7e 06 0f 10
0x00007fffb61fdf2d:   1e 0f 11 1f 0f 11 24 17 5d c3 48 83 ea 08 72 10
0x00007fffb61fdf3d:   48 8b 0e 4c 8b 04 16 48 89 0f 4c 89 04 17 5d c3
0x00007fffb61fdf4d:   48 83 c2 08 74 25 4d 31 c0 42 8a 0c 06 42 88 0c 

Register to memory mapping:

RAX=0x00007fdf231a6b30 is an unknown value
RBX=0x000000012e73e9f1 is an unknown value
RCX=0x0000000000000001 is an unknown value
RDX=0x0000000000000007 is an unknown value
RSP=0x000070000d423fc0 is pointing into the stack for thread: 0x00007fdf1d4f0800
RBP=0x000070000d423fc0 is pointing into the stack for thread: 0x00007fdf1d4f0800
RSI=0x000000012e73ea1f is an unknown value
RDI=0x00007fdf231a6b30 is an unknown value
R8 =0x0000000000000010 is an unknown value
R9 =0x00007fdf231a6b30 is an unknown value
R10=0x00007fdf23100000 is an unknown value
R11=0x00007fddf4a68111 is an unknown value
R12=0x0000000000000002 is an unknown value
R13=0x0000000000000004 is an unknown value
R14=0x00007fdf231711b0 is an unknown value
R15=0x000000000000000f is an unknown value


Stack: [0x000070000d326000,0x000070000d426000],  sp=0x000070000d423fc0,  free space=1015k
Native frames: (J=compiled Java code, j=interpreted, Vv=VM code, C=native code)
C  [libsystem_platform.dylib+0x5f3d]  _platform_memmove$VARIANT$Haswell+0x9d
C  [libzip.dylib+0x4385]  readCEN+0xbb3
C  [libzip.dylib+0x4697]  ZIP_Put_In_Cache0+0x1db
C  [libzip.dylib+0x2312]  Java_java_util_zip_ZipFile_open+0x9c
J 3736  java.util.zip.ZipFile.open(Ljava/lang/String;IJZ)J (0 bytes) @ 0x0000000116e5b512 [0x0000000116e5b440+0xd2]
J 3741 C1 java.util.zip.ZipFile.<init>(Ljava/io/File;ILjava/nio/charset/Charset;)V (197 bytes) @ 0x0000000116e5ddc4 [0x0000000116e5d960+0x464]
J 13113 C1 com.sun.tools.javac.file.FSInfo.getJarClassPath(Ljava/io/File;)Ljava/util/List; (184 bytes) @ 0x00000001170e9a94 [0x00000001170e99a0+0xf4]
J 14678 C1 com.sun.tools.javac.file.Locations$Path.addJarClassPath(Ljava/io/File;Z)V (79 bytes) @ 0x000000011871ab7c [0x000000011871aae0+0x9c]
J 21653 C1 com.sun.tools.javac.file.Locations$Path.addFile(Ljava/io/File;Z)V (228 bytes) @ 0x0000000119f0535c [0x0000000119f03700+0x1c5c]
j  com.sun.tools.javac.file.Locations$Path.addFiles(Ljava/lang/Iterable;Z)Lcom/sun/tools/javac/file/Locations$Path;+35
j  com.sun.tools.javac.file.Locations$Path.addFiles(Ljava/lang/String;Z)Lcom/sun/tools/javac/file/Locations$Path;+14
j  com.sun.tools.javac.file.Locations$Path.addFiles(Ljava/lang/String;)Lcom/sun/tools/javac/file/Locations$Path;+9
j  com.sun.tools.javac.file.Locations$SimpleLocationHandler.handleOption(Lcom/sun/tools/javac/main/Option;Ljava/lang/String;)Z+29
j  com.sun.tools.javac.file.Locations$LocationHandler.update(Lcom/sun/tools/javac/util/Options;)V+45
J 12610 C2 com.sun.tools.javac.file.Locations.lazy()V (72 bytes) @ 0x0000000117c7ebec [0x0000000117c7e980+0x26c]
J 14668 C1 com.sun.tools.javac.file.JavacFileManager.hasLocation(Ljavax/tools/JavaFileManager$Location;)Z (14 bytes) @ 0x0000000118733534 [0x00000001187334a0+0x94]
j  com.sun.tools.javac.processing.JavacProcessingEnvironment.initProcessorClassLoader()V+18
j  com.sun.tools.javac.processing.JavacProcessingEnvironment.<init>(Lcom/sun/tools/javac/util/Context;)V+274
j  com.sun.tools.javac.processing.JavacProcessingEnvironment.instance(Lcom/sun/tools/javac/util/Context;)Lcom/sun/tools/javac/processing/JavacProcessingEnvironment;+19
j  com.sun.tools.javac.main.JavaCompiler.initProcessAnnotations(Ljava/lang/Iterable;)V+36
j  com.sun.tools.javac.main.JavaCompiler.compile(Lcom/sun/tools/javac/util/List;Lcom/sun/tools/javac/util/List;Ljava/lang/Iterable;)V+133
j  com.sun.tools.javac.main.Main.compile([Ljava/lang/String;[Ljava/lang/String;Lcom/sun/tools/javac/util/Context;Lcom/sun/tools/javac/util/List;Ljava/lang/Iterable;)Lcom/sun/tools/javac/main/Main$Result;+1299
j  com.sun.tools.javac.api.JavacTaskImpl.doCall()Lcom/sun/tools/javac/main/Main$Result;+59
j  com.sun.tools.javac.api.JavacTaskImpl.call()Ljava/lang/Boolean;+1
j  org.codehaus.plexus.compiler.javac.JavaxToolsCompiler.compileInProcess([Ljava/lang/String;Lorg/codehaus/plexus/compiler/CompilerConfiguration;[Ljava/lang/String;)Lorg/codehaus/plexus/compiler/CompilerResult;+125
j  org.codehaus.plexus.compiler.javac.JavacCompiler.performCompile(Lorg/codehaus/plexus/compiler/CompilerConfiguration;)Lorg/codehaus/plexus/compiler/CompilerResult;+216
j  org.apache.maven.plugin.compiler.AbstractCompilerMojo.execute()V+2006
j  org.apache.maven.plugin.compiler.TestCompilerMojo.execute()V+22
j  org.apache.maven.plugin.DefaultBuildPluginManager.executeMojo(Lorg/apache/maven/execution/MavenSession;Lorg/apache/maven/plugin/MojoExecution;)V+155
J 19677 C1 org.apache.maven.lifecycle.internal.MojoExecutor.execute(Lorg/apache/maven/execution/MavenSession;Lorg/apache/maven/plugin/MojoExecution;Lorg/apache/maven/lifecycle/internal/ProjectIndex;Lorg/apache/maven/lifecycle/internal/DependencyContext;)V (369 bytes) @ 0x000000011978fa34 [0x000000011978f400+0x634]
J 19676 C1 org.apache.maven.lifecycle.internal.MojoExecutor.execute(Lorg/apache/maven/execution/MavenSession;Lorg/apache/maven/plugin/MojoExecution;Lorg/apache/maven/lifecycle/internal/ProjectIndex;Lorg/apache/maven/lifecycle/internal/DependencyContext;Lorg/apache/maven/lifecycle/internal/PhaseRecorder;)V (16 bytes) @ 0x000000011978910c [0x0000000119789080+0x8c]
j  org.apache.maven.lifecycle.internal.MojoExecutor.execute(Lorg/apache/maven/execution/MavenSession;Ljava/util/List;Lorg/apache/maven/lifecycle/internal/ProjectIndex;)V+60
j  org.apache.maven.lifecycle.internal.LifecycleModuleBuilder.buildProject(Lorg/apache/maven/execution/MavenSession;Lorg/apache/maven/execution/MavenSession;Lorg/apache/maven/lifecycle/internal/ReactorContext;Lorg/apache/maven/project/MavenProject;Lorg/apache/maven/lifecycle/internal/TaskSegment;)V+180
j  org.apache.maven.lifecycle.internal.builder.multithreaded.MultiThreadedBuilder$1.call()Lorg/apache/maven/lifecycle/internal/ProjectSegment;+33
j  org.apache.maven.lifecycle.internal.builder.multithreaded.MultiThreadedBuilder$1.call()Ljava/lang/Object;+1
J 12981 C1 java.util.concurrent.FutureTask.run()V (126 bytes) @ 0x0000000118673eec [0x0000000118673e00+0xec]
j  java.util.concurrent.Executors$RunnableAdapter.call()Ljava/lang/Object;+4
J 12981 C1 java.util.concurrent.FutureTask.run()V (126 bytes) @ 0x0000000118673eec [0x0000000118673e00+0xec]
j  java.util.concurrent.ThreadPoolExecutor.runWorker(Ljava/util/concurrent/ThreadPoolExecutor$Worker;)V+95
j  java.util.concurrent.ThreadPoolExecutor$Worker.run()V+5
j  java.lang.Thread.run()V+11
v  ~StubRoutines::call_stub
V  [libjvm.dylib+0x2ee5b6]  JavaCalls::call_helper(JavaValue*, methodHandle*, JavaCallArguments*, Thread*)+0x6ae
V  [libjvm.dylib+0x2eed5a]  JavaCalls::call_virtual(JavaValue*, KlassHandle, Symbol*, Symbol*, JavaCallArguments*, Thread*)+0x164
V  [libjvm.dylib+0x2eef06]  JavaCalls::call_virtual(JavaValue*, Handle, KlassHandle, Symbol*, Symbol*, Thread*)+0x4a
V  [libjvm.dylib+0x34965d]  thread_entry(JavaThread*, Thread*)+0x7c
V  [libjvm.dylib+0x56b87f]  JavaThread::thread_main_inner()+0x9b
V  [libjvm.dylib+0x56cf6c]  JavaThread::run()+0x1c2
V  [libjvm.dylib+0x48b376]  java_start(Thread*)+0xf6
C  [libsystem_pthread.dylib+0x393b]  _pthread_body+0xb4
C  [libsystem_pthread.dylib+0x3887]  _pthread_body+0x0
C  [libsystem_pthread.dylib+0x308d]  thread_start+0xd
C  0x0000000000000000

Java frames: (J=compiled Java code, j=interpreted, Vv=VM code)
J 3736  java.util.zip.ZipFile.open(Ljava/lang/String;IJZ)J (0 bytes) @ 0x0000000116e5b498 [0x0000000116e5b440+0x58]
J 3741 C1 java.util.zip.ZipFile.<init>(Ljava/io/File;ILjava/nio/charset/Charset;)V (197 bytes) @ 0x0000000116e5ddc4 [0x0000000116e5d960+0x464]
J 13113 C1 com.sun.tools.javac.file.FSInfo.getJarClassPath(Ljava/io/File;)Ljava/util/List; (184 bytes) @ 0x00000001170e9a94 [0x00000001170e99a0+0xf4]
J 14678 C1 com.sun.tools.javac.file.Locations$Path.addJarClassPath(Ljava/io/File;Z)V (79 bytes) @ 0x000000011871ab7c [0x000000011871aae0+0x9c]
J 21653 C1 com.sun.tools.javac.file.Locations$Path.addFile(Ljava/io/File;Z)V (228 bytes) @ 0x0000000119f0535c [0x0000000119f03700+0x1c5c]
j  com.sun.tools.javac.file.Locations$Path.addFiles(Ljava/lang/Iterable;Z)Lcom/sun/tools/javac/file/Locations$Path;+35
j  com.sun.tools.javac.file.Locations$Path.addFiles(Ljava/lang/String;Z)Lcom/sun/tools/javac/file/Locations$Path;+14
j  com.sun.tools.javac.file.Locations$Path.addFiles(Ljava/lang/String;)Lcom/sun/tools/javac/file/Locations$Path;+9
j  com.sun.tools.javac.file.Locations$SimpleLocationHandler.handleOption(Lcom/sun/tools/javac/main/Option;Ljava/lang/String;)Z+29
j  com.sun.tools.javac.file.Locations$LocationHandler.update(Lcom/sun/tools/javac/util/Options;)V+45
J 12610 C2 com.sun.tools.javac.file.Locations.lazy()V (72 bytes) @ 0x0000000117c7ebec [0x0000000117c7e980+0x26c]
J 14668 C1 com.sun.tools.javac.file.JavacFileManager.hasLocation(Ljavax/tools/JavaFileManager$Location;)Z (14 bytes) @ 0x0000000118733534 [0x00000001187334a0+0x94]
j  com.sun.tools.javac.processing.JavacProcessingEnvironment.initProcessorClassLoader()V+18
j  com.sun.tools.javac.processing.JavacProcessingEnvironment.<init>(Lcom/sun/tools/javac/util/Context;)V+274
j  com.sun.tools.javac.processing.JavacProcessingEnvironment.instance(Lcom/sun/tools/javac/util/Context;)Lcom/sun/tools/javac/processing/JavacProcessingEnvironment;+19
j  com.sun.tools.javac.main.JavaCompiler.initProcessAnnotations(Ljava/lang/Iterable;)V+36
j  com.sun.tools.javac.main.JavaCompiler.compile(Lcom/sun/tools/javac/util/List;Lcom/sun/tools/javac/util/List;Ljava/lang/Iterable;)V+133
j  com.sun.tools.javac.main.Main.compile([Ljava/lang/String;[Ljava/lang/String;Lcom/sun/tools/javac/util/Context;Lcom/sun/tools/javac/util/List;Ljava/lang/Iterable;)Lcom/sun/tools/javac/main/Main$Result;+1299
j  com.sun.tools.javac.api.JavacTaskImpl.doCall()Lcom/sun/tools/javac/main/Main$Result;+59
j  com.sun.tools.javac.api.JavacTaskImpl.call()Ljava/lang/Boolean;+1
j  org.codehaus.plexus.compiler.javac.JavaxToolsCompiler.compileInProcess([Ljava/lang/String;Lorg/codehaus/plexus/compiler/CompilerConfiguration;[Ljava/lang/String;)Lorg/codehaus/plexus/compiler/CompilerResult;+125
j  org.codehaus.plexus.compiler.javac.JavacCompiler.performCompile(Lorg/codehaus/plexus/compiler/CompilerConfiguration;)Lorg/codehaus/plexus/compiler/CompilerResult;+216
j  org.apache.maven.plugin.compiler.AbstractCompilerMojo.execute()V+2006
j  org.apache.maven.plugin.compiler.TestCompilerMojo.execute()V+22
j  org.apache.maven.plugin.DefaultBuildPluginManager.executeMojo(Lorg/apache/maven/execution/MavenSession;Lorg/apache/maven/plugin/MojoExecution;)V+155
J 19677 C1 org.apache.maven.lifecycle.internal.MojoExecutor.execute(Lorg/apache/maven/execution/MavenSession;Lorg/apache/maven/plugin/MojoExecution;Lorg/apache/maven/lifecycle/internal/ProjectIndex;Lorg/apache/maven/lifecycle/internal/DependencyContext;)V (369 bytes) @ 0x000000011978fa34 [0x000000011978f400+0x634]
J 19676 C1 org.apache.maven.lifecycle.internal.MojoExecutor.execute(Lorg/apache/maven/execution/MavenSession;Lorg/apache/maven/plugin/MojoExecution;Lorg/apache/maven/lifecycle/internal/ProjectIndex;Lorg/apache/maven/lifecycle/internal/DependencyContext;Lorg/apache/maven/lifecycle/internal/PhaseRecorder;)V (16 bytes) @ 0x000000011978910c [0x0000000119789080+0x8c]
j  org.apache.maven.lifecycle.internal.MojoExecutor.execute(Lorg/apache/maven/execution/MavenSession;Ljava/util/List;Lorg/apache/maven/lifecycle/internal/ProjectIndex;)V+60
j  org.apache.maven.lifecycle.internal.LifecycleModuleBuilder.buildProject(Lorg/apache/maven/execution/MavenSession;Lorg/apache/maven/execution/MavenSession;Lorg/apache/maven/lifecycle/internal/ReactorContext;Lorg/apache/maven/project/MavenProject;Lorg/apache/maven/lifecycle/internal/TaskSegment;)V+180
j  org.apache.maven.lifecycle.internal.builder.multithreaded.MultiThreadedBuilder$1.call()Lorg/apache/maven/lifecycle/internal/ProjectSegment;+33
j  org.apache.maven.lifecycle.internal.builder.multithreaded.MultiThreadedBuilder$1.call()Ljava/lang/Object;+1
J 12981 C1 java.util.concurrent.FutureTask.run()V (126 bytes) @ 0x0000000118673eec [0x0000000118673e00+0xec]
j  java.util.concurrent.Executors$RunnableAdapter.call()Ljava/lang/Object;+4
J 12981 C1 java.util.concurrent.FutureTask.run()V (126 bytes) @ 0x0000000118673eec [0x0000000118673e00+0xec]
j  java.util.concurrent.ThreadPoolExecutor.runWorker(Ljava/util/concurrent/ThreadPoolExecutor$Worker;)V+95
j  java.util.concurrent.ThreadPoolExecutor$Worker.run()V+5
j  java.lang.Thread.run()V+11
v  ~StubRoutines::call_stub

---------------  P R O C E S S  ---------------

Java Threads: ( => current thread )
  0x00007fdf1e8be000 JavaThread "BuilderThread 7" [_thread_blocked, id=26371, stack(0x000070000f02b000,0x000070000f12b000)]
  0x00007fdf1e949800 JavaThread "BuilderThread 6" [_thread_blocked, id=25859, stack(0x000070000ef28000,0x000070000f028000)]
  0x00007fdf1ebe9800 JavaThread "BuilderThread 5" [_thread_blocked, id=24583, stack(0x000070000ee25000,0x000070000ef25000)]
  0x00007fdf1abdb800 JavaThread "BuilderThread 4" [_thread_blocked, id=23811, stack(0x000070000eb1c000,0x000070000ec1c000)]
  0x00007fdf1e34d000 JavaThread "BuilderThread 3" [_thread_blocked, id=23299, stack(0x000070000ea19000,0x000070000eb19000)]
  0x00007fdf1e34c800 JavaThread "BuilderThread 2" [_thread_blocked, id=22787, stack(0x000070000e916000,0x000070000ea16000)]
  0x00007fdf1d3d7800 JavaThread "BuilderThread 1" [_thread_blocked, id=4615, stack(0x000070000e813000,0x000070000e913000)]
=>0x00007fdf1d4f0800 JavaThread "BuilderThread 0" [_thread_in_native, id=4103, stack(0x000070000d326000,0x000070000d426000)]
  0x00007fdf1b8d2800 JavaThread "process reaper" daemon [_thread_blocked, id=22275, stack(0x000070000e7e8000,0x000070000e810000)]
  0x00007fdf1d05f000 JavaThread "Service Thread" daemon [_thread_blocked, id=21251, stack(0x000070000e5e2000,0x000070000e6e2000)]
  0x00007fdf1a008800 JavaThread "C1 CompilerThread3" daemon [_thread_blocked, id=20739, stack(0x000070000e4df000,0x000070000e5df000)]
  0x00007fdf1c802000 JavaThread "C2 CompilerThread2" daemon [_thread_blocked, id=20227, stack(0x000070000e3dc000,0x000070000e4dc000)]
  0x00007fdf1a804000 JavaThread "C2 CompilerThread1" daemon [_thread_blocked, id=19715, stack(0x000070000e2d9000,0x000070000e3d9000)]
  0x00007fdf1a802800 JavaThread "C2 CompilerThread0" daemon [_thread_blocked, id=19203, stack(0x000070000e1d6000,0x000070000e2d6000)]
  0x00007fdf1c002800 JavaThread "Signal Dispatcher" daemon [_thread_blocked, id=18691, stack(0x000070000e0d3000,0x000070000e1d3000)]
  0x00007fdf1e002000 JavaThread "Finalizer" daemon [_thread_blocked, id=14339, stack(0x000070000df4d000,0x000070000e04d000)]
  0x00007fdf1d055000 JavaThread "Reference Handler" daemon [_thread_blocked, id=13827, stack(0x000070000de4a000,0x000070000df4a000)]
  0x00007fdf1b802000 JavaThread "main" [_thread_blocked, id=6915, stack(0x000070000d42c000,0x000070000d52c000)]

Other Threads:
  0x00007fdf1d050800 VMThread [stack: 0x000070000dd47000,0x000070000de47000] [id=13315]
  0x00007fdf1b80a800 WatcherThread [stack: 0x000070000e6e5000,0x000070000e7e5000] [id=21763]

VM state:not at safepoint (normal execution)

VM Mutex/Monitor currently owned by a thread: None

Heap:
 PSYoungGen      total 538112K, used 437190K [0x000000076ab00000, 0x0000000794300000, 0x00000007c0000000)
  eden space 453120K, 77% used [0x000000076ab00000,0x00000007802f24b8,0x0000000786580000)
  from space 84992K, 99% used [0x0000000786580000,0x000000078b87f470,0x000000078b880000)
  to   space 99840K, 0% used [0x000000078e180000,0x000000078e180000,0x0000000794300000)
 ParOldGen       total 179200K, used 131034K [0x00000006c0000000, 0x00000006caf00000, 0x000000076ab00000)
  object space 179200K, 73% used [0x00000006c0000000,0x00000006c7ff6850,0x00000006caf00000)
 Metaspace       used 107252K, capacity 110580K, committed 110808K, reserved 1146880K
  class space    used 12139K, capacity 13002K, committed 13056K, reserved 1048576K

Card table byte_map: [0x000000010d163000,0x000000010d964000] byte_map_base: 0x0000000109b63000

Marking Bits: (ParMarkBitMap*) 0x000000010c6f1ea0
 Begin Bits: [0x000000010deba000, 0x0000000111eba000)
 End Bits:   [0x0000000111eba000, 0x0000000115eba000)

Polling page: 0x000000010ad1c000

CodeCache: size=245760Kb used=60127Kb max_used=60127Kb free=185632Kb
 bounds [0x0000000116436000, 0x0000000119f66000, 0x0000000125436000]
 total_blobs=16660 nmethods=16136 adapters=435
 compilation: enabled

Compilation events (10 events):
Event: 229.962 Thread 0x00007fdf1a008800 nmethod 21649 0x0000000117510090 code [0x0000000117510220, 0x0000000117510578]
Event: 229.998 Thread 0x00007fdf1a802800 nmethod 21647 0x0000000119f48d90 code [0x0000000119f490e0, 0x0000000119f4b230]
Event: 230.027 Thread 0x00007fdf1a008800 21650       3       sun.misc.IOUtils::readFully (138 bytes)
Event: 230.029 Thread 0x00007fdf1a008800 nmethod 21650 0x0000000119936f10 code [0x0000000119937120, 0x0000000119937d38]
Event: 230.055 Thread 0x00007fdf1a008800 21651       3       java.util.jar.JarVerifier::<init> (151 bytes)
Event: 230.056 Thread 0x00007fdf1a008800 nmethod 21651 0x0000000119e90090 code [0x0000000119e90340, 0x0000000119e91398]
Event: 230.103 Thread 0x00007fdf1a008800 21652       3       com.sun.tools.javac.file.FSInfo::isFile (5 bytes)
Event: 230.103 Thread 0x00007fdf1a008800 nmethod 21652 0x00000001183d5350 code [0x00000001183d54c0, 0x00000001183d5668]
Event: 230.208 Thread 0x00007fdf1a008800 21653   !   3       com.sun.tools.javac.file.Locations$Path::addFile (228 bytes)
Event: 230.211 Thread 0x00007fdf1a008800 nmethod 21653 0x0000000119f03310 code [0x0000000119f03700, 0x0000000119f05818]

GC Heap History (10 events):
Event: 109.609 GC heap before
{Heap before GC invocations=51 (full 4):
 PSYoungGen      total 491008K, used 469939K [0x000000076ab00000, 0x000000078f080000, 0x00000007c0000000)
  eden space 403456K, 100% used [0x000000076ab00000,0x0000000783500000,0x0000000783500000)
  from space 87552K, 75% used [0x0000000789000000,0x000000078d0ecfc8,0x000000078e580000)
  to   space 93184K, 0% used [0x0000000783500000,0x0000000783500000,0x0000000789000000)
 ParOldGen       total 179200K, used 121697K [0x00000006c0000000, 0x00000006caf00000, 0x000000076ab00000)
  object space 179200K, 67% used [0x00000006c0000000,0x00000006c76d8548,0x00000006caf00000)
 Metaspace       used 100468K, capacity 103482K, committed 103640K, reserved 1140736K
  class space    used 11216K, capacity 12007K, committed 12032K, reserved 1048576K
Event: 109.638 GC heap after
Heap after GC invocations=51 (full 4):
 PSYoungGen      total 496640K, used 37945K [0x000000076ab00000, 0x0000000790100000, 0x00000007c0000000)
  eden space 403456K, 0% used [0x000000076ab00000,0x000000076ab00000,0x0000000783500000)
  from space 93184K, 40% used [0x0000000783500000,0x0000000785a0e508,0x0000000789000000)
  to   space 88064K, 0% used [0x000000078ab00000,0x000000078ab00000,0x0000000790100000)
 ParOldGen       total 179200K, used 121705K [0x00000006c0000000, 0x00000006caf00000, 0x000000076ab00000)
  object space 179200K, 67% used [0x00000006c0000000,0x00000006c76da548,0x00000006caf00000)
 Metaspace       used 100468K, capacity 103482K, committed 103640K, reserved 1140736K
  class space    used 11216K, capacity 12007K, committed 12032K, reserved 1048576K
}
Event: 194.841 GC heap before
{Heap before GC invocations=52 (full 4):
 PSYoungGen      total 496640K, used 441401K [0x000000076ab00000, 0x0000000790100000, 0x00000007c0000000)
  eden space 403456K, 100% used [0x000000076ab00000,0x0000000783500000,0x0000000783500000)
  from space 93184K, 40% used [0x0000000783500000,0x0000000785a0e508,0x0000000789000000)
  to   space 88064K, 0% used [0x000000078ab00000,0x000000078ab00000,0x0000000790100000)
 ParOldGen       total 179200K, used 121705K [0x00000006c0000000, 0x00000006caf00000, 0x000000076ab00000)
  object space 179200K, 67% used [0x00000006c0000000,0x00000006c76da548,0x00000006caf00000)
 Metaspace       used 102578K, capacity 105674K, committed 105816K, reserved 1142784K
  class space    used 11482K, capacity 12296K, committed 12416K, reserved 1048576K
Event: 194.871 GC heap after
Heap after GC invocations=52 (full 4):
 PSYoungGen      total 505856K, used 40938K [0x000000076ab00000, 0x000000078f400000, 0x00000007c0000000)
  eden space 431104K, 0% used [0x000000076ab00000,0x000000076ab00000,0x0000000785000000)
  from space 74752K, 54% used [0x000000078ab00000,0x000000078d2faa88,0x000000078f400000)
  to   space 83968K, 0% used [0x0000000785000000,0x0000000785000000,0x000000078a200000)
 ParOldGen       total 179200K, used 121713K [0x00000006c0000000, 0x00000006caf00000, 0x000000076ab00000)
  object space 179200K, 67% used [0x00000006c0000000,0x00000006c76dc548,0x00000006caf00000)
 Metaspace       used 102578K, capacity 105674K, committed 105816K, reserved 1142784K
  class space    used 11482K, capacity 12296K, committed 12416K, reserved 1048576K
}
Event: 200.016 GC heap before
{Heap before GC invocations=53 (full 4):
 PSYoungGen      total 505856K, used 472042K [0x000000076ab00000, 0x000000078f400000, 0x00000007c0000000)
  eden space 431104K, 100% used [0x000000076ab00000,0x0000000785000000,0x0000000785000000)
  from space 74752K, 54% used [0x000000078ab00000,0x000000078d2faa88,0x000000078f400000)
  to   space 83968K, 0% used [0x0000000785000000,0x0000000785000000,0x000000078a200000)
 ParOldGen       total 179200K, used 121713K [0x00000006c0000000, 0x00000006caf00000, 0x000000076ab00000)
  object space 179200K, 67% used [0x00000006c0000000,0x00000006c76dc548,0x00000006caf00000)
 Metaspace       used 103354K, capacity 106582K, committed 106840K, reserved 1144832K
  class space    used 11558K, capacity 12408K, committed 12416K, reserved 1048576K
Event: 200.053 GC heap after
Heap after GC invocations=53 (full 4):
 PSYoungGen      total 515072K, used 45438K [0x000000076ab00000, 0x0000000790800000, 0x00000007c0000000)
  eden space 431104K, 0% used [0x000000076ab00000,0x000000076ab00000,0x0000000785000000)
  from space 83968K, 54% used [0x0000000785000000,0x0000000787c5f978,0x000000078a200000)
  to   space 81408K, 0% used [0x000000078b880000,0x000000078b880000,0x0000000790800000)
 ParOldGen       total 179200K, used 121721K [0x00000006c0000000, 0x00000006caf00000, 0x000000076ab00000)
  object space 179200K, 67% used [0x00000006c0000000,0x00000006c76de548,0x00000006caf00000)
 Metaspace       used 103354K, capacity 106582K, committed 106840K, reserved 1144832K
  class space    used 11558K, capacity 12408K, committed 12416K, reserved 1048576K
}
Event: 207.035 GC heap before
{Heap before GC invocations=54 (full 4):
 PSYoungGen      total 515072K, used 476542K [0x000000076ab00000, 0x0000000790800000, 0x00000007c0000000)
  eden space 431104K, 100% used [0x000000076ab00000,0x0000000785000000,0x0000000785000000)
  from space 83968K, 54% used [0x0000000785000000,0x0000000787c5f978,0x000000078a200000)
  to   space 81408K, 0% used [0x000000078b880000,0x000000078b880000,0x0000000790800000)
 ParOldGen       total 179200K, used 121721K [0x00000006c0000000, 0x00000006caf00000, 0x000000076ab00000)
  object space 179200K, 67% used [0x00000006c0000000,0x00000006c76de548,0x00000006caf00000)
 Metaspace       used 107067K, capacity 110408K, committed 110552K, reserved 1146880K
  class space    used 12128K, capacity 12995K, committed 13056K, reserved 1048576K
Event: 207.079 GC heap after
Heap after GC invocations=54 (full 4):
 PSYoungGen      total 534528K, used 61672K [0x000000076ab00000, 0x0000000790c80000, 0x00000007c0000000)
  eden space 453120K, 0% used [0x000000076ab00000,0x000000076ab00000,0x0000000786580000)
  from space 81408K, 75% used [0x000000078b880000,0x000000078f4ba2d0,0x0000000790800000)
  to   space 84992K, 0% used [0x0000000786580000,0x0000000786580000,0x000000078b880000)
 ParOldGen       total 179200K, used 121729K [0x00000006c0000000, 0x00000006caf00000, 0x000000076ab00000)
  object space 179200K, 67% used [0x00000006c0000000,0x00000006c76e0548,0x00000006caf00000)
 Metaspace       used 107067K, capacity 110408K, committed 110552K, reserved 1146880K
  class space    used 12128K, capacity 12995K, committed 13056K, reserved 1048576K
}
Event: 210.359 GC heap before
{Heap before GC invocations=55 (full 4):
 PSYoungGen      total 534528K, used 514792K [0x000000076ab00000, 0x0000000790c80000, 0x00000007c0000000)
  eden space 453120K, 100% used [0x000000076ab00000,0x0000000786580000,0x0000000786580000)
  from space 81408K, 75% used [0x000000078b880000,0x000000078f4ba2d0,0x0000000790800000)
  to   space 84992K, 0% used [0x0000000786580000,0x0000000786580000,0x000000078b880000)
 ParOldGen       total 179200K, used 121729K [0x00000006c0000000, 0x00000006caf00000, 0x000000076ab00000)
  object space 179200K, 67% used [0x00000006c0000000,0x00000006c76e0548,0x00000006caf00000)
 Metaspace       used 107115K, capacity 110496K, committed 110808K, reserved 1146880K
  class space    used 12131K, capacity 12999K, committed 13056K, reserved 1048576K
Event: 210.422 GC heap after
Heap after GC invocations=55 (full 4):
 PSYoungGen      total 538112K, used 84989K [0x000000076ab00000, 0x0000000794300000, 0x00000007c0000000)
  eden space 453120K, 0% used [0x000000076ab00000,0x000000076ab00000,0x0000000786580000)
  from space 84992K, 99% used [0x0000000786580000,0x000000078b87f470,0x000000078b880000)
  to   space 99840K, 0% used [0x000000078e180000,0x000000078e180000,0x0000000794300000)
 ParOldGen       total 179200K, used 131034K [0x00000006c0000000, 0x00000006caf00000, 0x000000076ab00000)
  object space 179200K, 73% used [0x00000006c0000000,0x00000006c7ff6850,0x00000006caf00000)
 Metaspace       used 107115K, capacity 110496K, committed 110808K, reserved 1146880K
  class space    used 12131K, capacity 12999K, committed 13056K, reserved 1048576K
}

Deoptimization events (10 events):
Event: 208.659 Thread 0x00007fdf1d4f0800 Uncommon trap: reason=class_check action=maybe_recompile pc=0x0000000119337da4 method=org.apache.maven.model.merge.MavenModelMerger.mergePlugin_Executions(Lorg/apache/maven/model/Plugin;Lorg/apache/maven/model/Plugin;ZLjava/util/Map;)V @ 198
Event: 209.985 Thread 0x00007fdf1d4f0800 Uncommon trap: reason=null_check action=make_not_entrant pc=0x0000000119997de4 method=org.codehaus.plexus.util.xml.Xpp3Dom.mergeIntoXpp3Dom(Lorg/codehaus/plexus/util/xml/Xpp3Dom;Lorg/codehaus/plexus/util/xml/Xpp3Dom;Ljava/lang/Boolean;)V @ 146
Event: 210.271 Thread 0x00007fdf1d4f0800 Uncommon trap: reason=null_check action=make_not_entrant pc=0x00000001199a8154 method=org.apache.maven.model.building.DefaultModelBuilder.importDependencyManagement(Lorg/apache/maven/model/Model;Lorg/apache/maven/model/building/ModelBuildingRequest;Lorg/a
Event: 211.094 Thread 0x00007fdf1d4f0800 Uncommon trap: reason=unstable_if action=reinterpret pc=0x0000000116be560c method=org.codehaus.plexus.util.xml.pull.MXParser.nextImpl()I @ 1116
Event: 211.532 Thread 0x00007fdf1d4f0800 Uncommon trap: reason=unstable_if action=reinterpret pc=0x0000000117993bd0 method=org.apache.maven.model.merge.ModelMerger.mergePlugin_Version(Lorg/apache/maven/model/Plugin;Lorg/apache/maven/model/Plugin;ZLjava/util/Map;)V @ 12
Event: 211.667 Thread 0x00007fdf1d4f0800 Uncommon trap: reason=unstable_if action=reinterpret pc=0x0000000117944638 method=org.eclipse.aether.repository.RemoteRepository.<init>(Lorg/eclipse/aether/repository/RemoteRepository$Builder;)V @ 100
Event: 212.451 Thread 0x00007fdf1d4f0800 Uncommon trap: reason=unstable_if action=reinterpret pc=0x00000001173058a4 method=org.eclipse.aether.util.graph.transformer.JavaScopeDeriver.getDerivedScope(Ljava/lang/String;Ljava/lang/String;)Ljava/lang/String; @ 6
Event: 213.039 Thread 0x00007fdf1d4f0800 Uncommon trap: reason=class_check action=maybe_recompile pc=0x0000000119ec32e8 method=org.apache.maven.repository.internal.DefaultVersionResolver$Key.<init>(Lorg/eclipse/aether/RepositorySystemSession;Lorg/eclipse/aether/resolution/VersionRequest;)V @ 89
Event: 213.040 Thread 0x00007fdf1d4f0800 Uncommon trap: reason=class_check action=maybe_recompile pc=0x0000000119ec32e8 method=org.apache.maven.repository.internal.DefaultVersionResolver$Key.<init>(Lorg/eclipse/aether/RepositorySystemSession;Lorg/eclipse/aether/resolution/VersionRequest;)V @ 89
Event: 213.040 Thread 0x00007fdf1d4f0800 Uncommon trap: reason=class_check action=maybe_recompile pc=0x0000000119ec32e8 method=org.apache.maven.repository.internal.DefaultVersionResolver$Key.<init>(Lorg/eclipse/aether/RepositorySystemSession;Lorg/eclipse/aether/resolution/VersionRequest;)V @ 89

Internal exceptions (10 events):
Event: 214.629 Thread 0x00007fdf1d4f0800 Exception <a 'java/lang/NullPointerException'> (0x000000077ba1ec90) thrown at [/Users/java_re/workspace/8-2-build-macosx-x86_64/jdk8u131/8869/hotspot/src/share/vm/runtime/sharedRuntime.cpp, line 605]
Event: 214.629 Thread 0x00007fdf1d4f0800 Implicit null exception at 0x0000000119b110c1 to 0x0000000119b145a0
Event: 214.629 Thread 0x00007fdf1d4f0800 Exception <a 'java/lang/NullPointerException'> (0x000000077ba244d0) thrown at [/Users/java_re/workspace/8-2-build-macosx-x86_64/jdk8u131/8869/hotspot/src/share/vm/runtime/sharedRuntime.cpp, line 605]
Event: 214.629 Thread 0x00007fdf1d4f0800 Implicit null exception at 0x0000000119b110c1 to 0x0000000119b145a0
Event: 214.629 Thread 0x00007fdf1d4f0800 Exception <a 'java/lang/NullPointerException'> (0x000000077ba246e8) thrown at [/Users/java_re/workspace/8-2-build-macosx-x86_64/jdk8u131/8869/hotspot/src/share/vm/runtime/sharedRuntime.cpp, line 605]
Event: 214.629 Thread 0x00007fdf1d4f0800 Implicit null exception at 0x0000000119b110c1 to 0x0000000119b145a0
Event: 214.629 Thread 0x00007fdf1d4f0800 Exception <a 'java/lang/NullPointerException'> (0x000000077ba24900) thrown at [/Users/java_re/workspace/8-2-build-macosx-x86_64/jdk8u131/8869/hotspot/src/share/vm/runtime/sharedRuntime.cpp, line 605]
Event: 214.632 Thread 0x00007fdf1d4f0800 Exception <a 'java/net/SocketTimeoutException': Read timed out> (0x000000077ba2ff40) thrown at [/Users/java_re/workspace/8-2-build-macosx-x86_64/jdk8u131/8869/hotspot/src/share/vm/prims/jni.cpp, line 735]
Event: 230.123 Thread 0x00007fdf1d4f0800 Exception <a 'java/util/zip/ZipException'> (0x000000077fc03588) thrown at [/Users/java_re/workspace/8-2-build-macosx-x86_64/jdk8u131/8869/hotspot/src/share/vm/prims/jni.cpp, line 709]
Event: 230.127 Thread 0x00007fdf1d4f0800 Exception <a 'java/util/zip/ZipException'> (0x000000077fc2cf30) thrown at [/Users/java_re/workspace/8-2-build-macosx-x86_64/jdk8u131/8869/hotspot/src/share/vm/prims/jni.cpp, line 709]

Events (10 events):
Event: 229.509 loading class org/codehaus/plexus/util/io/FileInputStreamFacade
Event: 229.509 loading class org/codehaus/plexus/util/io/FileInputStreamFacade done
Event: 229.509 loading class org/codehaus/plexus/util/IOUtil
Event: 229.509 loading class org/codehaus/plexus/util/IOUtil done
Event: 229.509 loading class org/codehaus/plexus/util/IOUtil
Event: 229.509 loading class org/codehaus/plexus/util/IOUtil done
Event: 229.527 loading class org/sonatype/plexus/build/incremental/EmptyScanner
Event: 229.527 loading class org/sonatype/plexus/build/incremental/EmptyScanner done
Event: 229.527 loading class org/sonatype/plexus/build/incremental/EmptyScanner
Event: 229.527 loading class org/sonatype/plexus/build/incremental/EmptyScanner done


Dynamic libraries:
0x000000002b474000 	/System/Library/Frameworks/Cocoa.framework/Versions/A/Cocoa
0x000000002b474000 	/System/Library/Frameworks/Security.framework/Versions/A/Security
0x000000002b474000 	/System/Library/Frameworks/ApplicationServices.framework/Versions/A/ApplicationServices
0x000000002b474000 	/usr/lib/libz.1.dylib
0x000000002b474000 	/usr/lib/libSystem.B.dylib
0x000000002b474000 	/usr/lib/libobjc.A.dylib
0x000000002b474000 	/System/Library/Frameworks/CoreFoundation.framework/Versions/A/CoreFoundation
0x000000002b474000 	/System/Library/Frameworks/Foundation.framework/Versions/C/Foundation
0x000000002b474000 	/System/Library/Frameworks/AppKit.framework/Versions/C/AppKit
0x000000002b474000 	/System/Library/Frameworks/CoreData.framework/Versions/A/CoreData
0x000000002b474000 	/System/Library/PrivateFrameworks/RemoteViewServices.framework/Versions/A/RemoteViewServices
0x000000002b474000 	/System/Library/PrivateFrameworks/UIFoundation.framework/Versions/A/UIFoundation
0x000000002b474000 	/System/Library/PrivateFrameworks/DFRFoundation.framework/Versions/A/DFRFoundation
0x000000002b474000 	/usr/lib/libenergytrace.dylib
0x000000002b474000 	/System/Library/PrivateFrameworks/SkyLight.framework/Versions/A/SkyLight
0x000000002b474000 	/System/Library/Frameworks/CoreGraphics.framework/Versions/A/CoreGraphics
0x000000002b474000 	/usr/lib/libScreenReader.dylib
0x000000002b474000 	/System/Library/Frameworks/Accelerate.framework/Versions/A/Accelerate
0x000000002b474000 	/System/Library/Frameworks/IOSurface.framework/Versions/A/IOSurface
0x000000002b474000 	/System/Library/Frameworks/AudioToolbox.framework/Versions/A/AudioToolbox
0x000000002b474000 	/System/Library/Frameworks/AudioUnit.framework/Versions/A/AudioUnit
0x000000002b474000 	/System/Library/PrivateFrameworks/DataDetectorsCore.framework/Versions/A/DataDetectorsCore
0x000000002b474000 	/System/Library/PrivateFrameworks/DesktopServicesPriv.framework/Versions/A/DesktopServicesPriv
0x000000002b474000 	/System/Library/Frameworks/Carbon.framework/Versions/A/Frameworks/HIToolbox.framework/Versions/A/HIToolbox
0x000000002b474000 	/usr/lib/libicucore.A.dylib
0x000000002b474000 	/System/Library/Frameworks/QuartzCore.framework/Versions/A/QuartzCore
0x000000002b474000 	/System/Library/Frameworks/Carbon.framework/Versions/A/Frameworks/SpeechRecognition.framework/Versions/A/SpeechRecognition
0x000000002b474000 	/usr/lib/libauto.dylib
0x000000002b474000 	/usr/lib/libxml2.2.dylib
0x000000002b474000 	/System/Library/PrivateFrameworks/CoreUI.framework/Versions/A/CoreUI
0x000000002b474000 	/System/Library/Frameworks/CoreAudio.framework/Versions/A/CoreAudio
0x000000002b474000 	/System/Library/Frameworks/DiskArbitration.framework/Versions/A/DiskArbitration
0x000000002b474000 	/usr/lib/liblangid.dylib
0x000000002b474000 	/System/Library/PrivateFrameworks/MultitouchSupport.framework/Versions/A/MultitouchSupport
0x000000002b474000 	/System/Library/Frameworks/IOKit.framework/Versions/A/IOKit
0x000000002b474000 	/usr/lib/libDiagnosticMessagesClient.dylib
0x000000002b474000 	/System/Library/Frameworks/CoreServices.framework/Versions/A/CoreServices
0x000000002b474000 	/System/Library/PrivateFrameworks/PerformanceAnalysis.framework/Versions/A/PerformanceAnalysis
0x000000002b474000 	/System/Library/PrivateFrameworks/GenerationalStorage.framework/Versions/A/GenerationalStorage
0x000000002b474000 	/System/Library/Frameworks/OpenGL.framework/Versions/A/OpenGL
0x000000002b474000 	/System/Library/Frameworks/CoreImage.framework/Versions/A/CoreImage
0x000000002b474000 	/System/Library/Frameworks/CoreText.framework/Versions/A/CoreText
0x000000002b474000 	/System/Library/Frameworks/ImageIO.framework/Versions/A/ImageIO
0x000000002b474000 	/System/Library/PrivateFrameworks/Backup.framework/Versions/A/Backup
0x000000002b474000 	/usr/lib/libarchive.2.dylib
0x000000002b474000 	/System/Library/Frameworks/CFNetwork.framework/Versions/A/CFNetwork
0x000000002b474000 	/System/Library/Frameworks/SystemConfiguration.framework/Versions/A/SystemConfiguration
0x000000002b474000 	/usr/lib/libCRFSuite.dylib
0x000000002b474000 	/usr/lib/libc++.1.dylib
0x000000002b474000 	/usr/lib/libc++abi.dylib
0x000000002b474000 	/usr/lib/system/libcache.dylib
0x000000002b474000 	/usr/lib/system/libcommonCrypto.dylib
0x000000002b474000 	/usr/lib/system/libcompiler_rt.dylib
0x000000002b474000 	/usr/lib/system/libcopyfile.dylib
0x000000002b474000 	/usr/lib/system/libcorecrypto.dylib
0x000000002b474000 	/usr/lib/system/libdispatch.dylib
0x000000002b474000 	/usr/lib/system/libdyld.dylib
0x000000002b474000 	/usr/lib/system/libkeymgr.dylib
0x000000002b474000 	/usr/lib/system/liblaunch.dylib
0x000000002b474000 	/usr/lib/system/libmacho.dylib
0x000000002b474000 	/usr/lib/system/libquarantine.dylib
0x000000002b474000 	/usr/lib/system/libremovefile.dylib
0x000000002b474000 	/usr/lib/system/libsystem_asl.dylib
0x000000002b474000 	/usr/lib/system/libsystem_blocks.dylib
0x000000002b474000 	/usr/lib/system/libsystem_c.dylib
0x000000002b474000 	/usr/lib/system/libsystem_configuration.dylib
0x000000002b474000 	/usr/lib/system/libsystem_coreservices.dylib
0x000000002b474000 	/usr/lib/system/libsystem_coretls.dylib
0x000000002b474000 	/usr/lib/system/libsystem_dnssd.dylib
0x000000002b474000 	/usr/lib/system/libsystem_info.dylib
0x000000002b474000 	/usr/lib/system/libsystem_kernel.dylib
0x000000002b474000 	/usr/lib/system/libsystem_m.dylib
0x000000002b474000 	/usr/lib/system/libsystem_malloc.dylib
0x000000002b474000 	/usr/lib/system/libsystem_network.dylib
0x000000002b474000 	/usr/lib/system/libsystem_networkextension.dylib
0x000000002b474000 	/usr/lib/system/libsystem_notify.dylib
0x000000002b474000 	/usr/lib/system/libsystem_platform.dylib
0x000000002b474000 	/usr/lib/system/libsystem_pthread.dylib
0x000000002b474000 	/usr/lib/system/libsystem_sandbox.dylib
0x000000002b474000 	/usr/lib/system/libsystem_secinit.dylib
0x000000002b474000 	/usr/lib/system/libsystem_symptoms.dylib
0x000000002b474000 	/usr/lib/system/libsystem_trace.dylib
0x000000002b474000 	/usr/lib/system/libunwind.dylib
0x000000002b474000 	/usr/lib/system/libxpc.dylib
0x000000002b474000 	/usr/lib/libbsm.0.dylib
0x000000002b474000 	/usr/lib/system/libkxld.dylib
0x000000002b474000 	/usr/lib/libcoretls.dylib
0x000000002b474000 	/usr/lib/libcoretls_cfhelpers.dylib
0x000000002b474000 	/usr/lib/libOpenScriptingUtil.dylib
0x000000002b474000 	/usr/lib/libpam.2.dylib
0x000000002b474000 	/usr/lib/libsqlite3.dylib
0x000000002b474000 	/usr/lib/libxar.1.dylib
0x000000002b474000 	/usr/lib/libbz2.1.0.dylib
0x000000002b474000 	/usr/lib/liblzma.5.dylib
0x000000002b474000 	/usr/lib/libnetwork.dylib
0x000000002b474000 	/usr/lib/libpcap.A.dylib
0x000000002b474000 	/System/Library/Frameworks/CoreServices.framework/Versions/A/Frameworks/FSEvents.framework/Versions/A/FSEvents
0x000000002b474000 	/System/Library/Frameworks/CoreServices.framework/Versions/A/Frameworks/CarbonCore.framework/Versions/A/CarbonCore
0x000000002b474000 	/System/Library/Frameworks/CoreServices.framework/Versions/A/Frameworks/Metadata.framework/Versions/A/Metadata
0x000000002b474000 	/System/Library/Frameworks/CoreServices.framework/Versions/A/Frameworks/OSServices.framework/Versions/A/OSServices
0x000000002b474000 	/System/Library/Frameworks/CoreServices.framework/Versions/A/Frameworks/SearchKit.framework/Versions/A/SearchKit
0x000000002b474000 	/System/Library/Frameworks/CoreServices.framework/Versions/A/Frameworks/AE.framework/Versions/A/AE
0x000000002b474000 	/System/Library/Frameworks/CoreServices.framework/Versions/A/Frameworks/LaunchServices.framework/Versions/A/LaunchServices
0x000000002b474000 	/System/Library/Frameworks/CoreServices.framework/Versions/A/Frameworks/DictionaryServices.framework/Versions/A/DictionaryServices
0x000000002b474000 	/System/Library/Frameworks/CoreServices.framework/Versions/A/Frameworks/SharedFileList.framework/Versions/A/SharedFileList
0x000000002b474000 	/System/Library/Frameworks/NetFS.framework/Versions/A/NetFS
0x000000002b474000 	/System/Library/PrivateFrameworks/NetAuth.framework/Versions/A/NetAuth
0x000000002b474000 	/System/Library/PrivateFrameworks/login.framework/Versions/A/Frameworks/loginsupport.framework/Versions/A/loginsupport
0x000000002b474000 	/System/Library/PrivateFrameworks/TCC.framework/Versions/A/TCC
0x000000002b474000 	/usr/lib/libmecabra.dylib
0x000000002b474000 	/System/Library/Frameworks/ApplicationServices.framework/Versions/A/Frameworks/ATS.framework/Versions/A/ATS
0x000000002b474000 	/System/Library/Frameworks/ApplicationServices.framework/Versions/A/Frameworks/ColorSync.framework/Versions/A/ColorSync
0x000000002b474000 	/System/Library/Frameworks/ApplicationServices.framework/Versions/A/Frameworks/HIServices.framework/Versions/A/HIServices
0x000000002b474000 	/System/Library/Frameworks/ApplicationServices.framework/Versions/A/Frameworks/LangAnalysis.framework/Versions/A/LangAnalysis
0x000000002b474000 	/System/Library/Frameworks/ApplicationServices.framework/Versions/A/Frameworks/PrintCore.framework/Versions/A/PrintCore
0x000000002b474000 	/System/Library/Frameworks/ApplicationServices.framework/Versions/A/Frameworks/QD.framework/Versions/A/QD
0x000000002b474000 	/System/Library/Frameworks/ApplicationServices.framework/Versions/A/Frameworks/SpeechSynthesis.framework/Versions/A/SpeechSynthesis
0x000000002b474000 	/System/Library/Frameworks/Accelerate.framework/Versions/A/Frameworks/vImage.framework/Versions/A/vImage
0x000000002b474000 	/System/Library/Frameworks/Accelerate.framework/Versions/A/Frameworks/vecLib.framework/Versions/A/vecLib
0x000000002b474000 	/System/Library/Frameworks/Accelerate.framework/Versions/A/Frameworks/vecLib.framework/Versions/A/libvDSP.dylib
0x000000002b474000 	/System/Library/Frameworks/Accelerate.framework/Versions/A/Frameworks/vecLib.framework/Versions/A/libBNNS.dylib
0x000000002b474000 	/System/Library/Frameworks/Accelerate.framework/Versions/A/Frameworks/vecLib.framework/Versions/A/libQuadrature.dylib
0x000000002b474000 	/System/Library/Frameworks/Accelerate.framework/Versions/A/Frameworks/vecLib.framework/Versions/A/libvMisc.dylib
0x000000002b474000 	/System/Library/Frameworks/Accelerate.framework/Versions/A/Frameworks/vecLib.framework/Versions/A/libLAPACK.dylib
0x000000002b474000 	/System/Library/Frameworks/Accelerate.framework/Versions/A/Frameworks/vecLib.framework/Versions/A/libBLAS.dylib
0x000000002b474000 	/System/Library/Frameworks/Accelerate.framework/Versions/A/Frameworks/vecLib.framework/Versions/A/libLinearAlgebra.dylib
0x000000002b474000 	/System/Library/Frameworks/Accelerate.framework/Versions/A/Frameworks/vecLib.framework/Versions/A/libSparseBLAS.dylib
0x000000002b474000 	/System/Library/Frameworks/ApplicationServices.framework/Versions/A/Frameworks/ATS.framework/Versions/A/Resources/libFontParser.dylib
0x000000002b474000 	/System/Library/Frameworks/ApplicationServices.framework/Versions/A/Frameworks/ATS.framework/Versions/A/Resources/libFontRegistry.dylib
0x000000002b474000 	/System/Library/Frameworks/ImageIO.framework/Versions/A/Resources/libJPEG.dylib
0x000000002b474000 	/System/Library/Frameworks/ImageIO.framework/Versions/A/Resources/libTIFF.dylib
0x000000002b474000 	/System/Library/Frameworks/ImageIO.framework/Versions/A/Resources/libPng.dylib
0x000000002b474000 	/System/Library/Frameworks/ImageIO.framework/Versions/A/Resources/libGIF.dylib
0x000000002b474000 	/System/Library/Frameworks/ImageIO.framework/Versions/A/Resources/libJP2.dylib
0x000000002b474000 	/System/Library/Frameworks/ImageIO.framework/Versions/A/Resources/libRadiance.dylib
0x000000002b474000 	/usr/lib/libcompression.dylib
0x000000002b474000 	/System/Library/PrivateFrameworks/AppleJPEG.framework/Versions/A/AppleJPEG
0x000000002b474000 	/usr/lib/libcups.2.dylib
0x000000002b474000 	/System/Library/Frameworks/Kerberos.framework/Versions/A/Kerberos
0x000000002b474000 	/System/Library/Frameworks/GSS.framework/Versions/A/GSS
0x000000002b474000 	/usr/lib/libresolv.9.dylib
0x000000002b474000 	/usr/lib/libiconv.2.dylib
0x000000002b474000 	/System/Library/PrivateFrameworks/Heimdal.framework/Versions/A/Heimdal
0x000000002b474000 	/usr/lib/libheimdal-asn1.dylib
0x000000002b474000 	/System/Library/Frameworks/OpenDirectory.framework/Versions/A/OpenDirectory
0x000000002b474000 	/System/Library/PrivateFrameworks/CommonAuth.framework/Versions/A/CommonAuth
0x000000002b474000 	/System/Library/Frameworks/OpenDirectory.framework/Versions/A/Frameworks/CFOpenDirectory.framework/Versions/A/CFOpenDirectory
0x000000002b474000 	/System/Library/Frameworks/SecurityFoundation.framework/Versions/A/SecurityFoundation
0x000000002b474000 	/System/Library/PrivateFrameworks/LanguageModeling.framework/Versions/A/LanguageModeling
0x000000002b474000 	/usr/lib/libmarisa.dylib
0x000000002b474000 	/usr/lib/libChineseTokenizer.dylib
0x000000002b474000 	/usr/lib/libcmph.dylib
0x000000002b474000 	/System/Library/PrivateFrameworks/CoreEmoji.framework/Versions/A/CoreEmoji
0x000000002b474000 	/System/Library/Frameworks/ServiceManagement.framework/Versions/A/ServiceManagement
0x000000002b474000 	/usr/lib/libxslt.1.dylib
0x000000002b474000 	/System/Library/Frameworks/Carbon.framework/Versions/A/Frameworks/Ink.framework/Versions/A/Ink
0x000000002b474000 	/System/Library/PrivateFrameworks/TextureIO.framework/Versions/A/TextureIO
0x000000002b474000 	/System/Library/Frameworks/Metal.framework/Versions/A/Metal
0x000000002b474000 	/usr/lib/libate.dylib
0x000000002b474000 	/System/Library/PrivateFrameworks/GPUCompiler.framework/libmetal_timestamp.dylib
0x000000002b474000 	/System/Library/Frameworks/OpenGL.framework/Versions/A/Libraries/libCoreFSCache.dylib
0x000000002b474000 	/System/Library/PrivateFrameworks/IOAccelerator.framework/Versions/A/IOAccelerator
0x000000002b474000 	/System/Library/Frameworks/CoreVideo.framework/Versions/A/CoreVideo
0x000000002b474000 	/usr/lib/libFosl_dynamic.dylib
0x000000002b474000 	/System/Library/PrivateFrameworks/MetalPerformanceShaders.framework/Versions/A/MetalPerformanceShaders
0x000000002b474000 	/System/Library/PrivateFrameworks/FaceCore.framework/Versions/A/FaceCore
0x000000002b474000 	/System/Library/Frameworks/OpenCL.framework/Versions/A/OpenCL
0x000000002b474000 	/System/Library/Frameworks/OpenGL.framework/Versions/A/Libraries/libGLU.dylib
0x000000002b474000 	/System/Library/Frameworks/OpenGL.framework/Versions/A/Libraries/libGFXShared.dylib
0x000000002b474000 	/System/Library/Frameworks/OpenGL.framework/Versions/A/Libraries/libGL.dylib
0x000000002b474000 	/System/Library/Frameworks/OpenGL.framework/Versions/A/Libraries/libGLImage.dylib
0x000000002b474000 	/System/Library/Frameworks/OpenGL.framework/Versions/A/Libraries/libCVMSPluginSupport.dylib
0x000000002b474000 	/System/Library/Frameworks/OpenGL.framework/Versions/A/Libraries/libCoreVMClient.dylib
0x000000002b474000 	/System/Library/PrivateFrameworks/CrashReporterSupport.framework/Versions/A/CrashReporterSupport
0x000000002b474000 	/System/Library/PrivateFrameworks/Sharing.framework/Versions/A/Sharing
0x000000002b474000 	/System/Library/PrivateFrameworks/IconServices.framework/Versions/A/IconServices
0x000000002b474000 	/System/Library/PrivateFrameworks/ProtocolBuffer.framework/Versions/A/ProtocolBuffer
0x000000002b474000 	/System/Library/PrivateFrameworks/Apple80211.framework/Versions/A/Apple80211
0x000000002b474000 	/System/Library/Frameworks/CoreWLAN.framework/Versions/A/CoreWLAN
0x000000002b474000 	/System/Library/PrivateFrameworks/CoreUtils.framework/Versions/A/CoreUtils
0x000000002b474000 	/System/Library/Frameworks/IOBluetooth.framework/Versions/A/IOBluetooth
0x000000002b474000 	/System/Library/PrivateFrameworks/CoreWiFi.framework/Versions/A/CoreWiFi
0x000000002b474000 	/System/Library/Frameworks/CoreBluetooth.framework/Versions/A/CoreBluetooth
0x000000002b474000 	/System/Library/Frameworks/CoreDisplay.framework/Versions/A/CoreDisplay
0x000000002b474000 	/System/Library/PrivateFrameworks/IOPresentment.framework/Versions/A/IOPresentment
0x000000002b474000 	/System/Library/PrivateFrameworks/DSExternalDisplay.framework/Versions/A/DSExternalDisplay
0x000000002b474000 	/System/Library/PrivateFrameworks/DebugSymbols.framework/Versions/A/DebugSymbols
0x000000002b474000 	/System/Library/PrivateFrameworks/CoreSymbolication.framework/Versions/A/CoreSymbolication
0x000000002b474000 	/System/Library/PrivateFrameworks/Symbolication.framework/Versions/A/Symbolication
0x000000002b474000 	/System/Library/PrivateFrameworks/AppleFSCompression.framework/Versions/A/AppleFSCompression
0x000000002b474000 	/System/Library/PrivateFrameworks/SpeechRecognitionCore.framework/Versions/A/SpeechRecognitionCore
0x000000002b474000 	/System/Library/PrivateFrameworks/ChunkingLibrary.framework/Versions/A/ChunkingLibrary
0x000000010be00000 	/Library/Java/JavaVirtualMachines/jdk1.8.0_131.jdk/Contents/Home/jre/lib/server/libjvm.dylib
0x000000002b474000 	/usr/lib/libstdc++.6.dylib
0x000000010acd9000 	/Library/Java/JavaVirtualMachines/jdk1.8.0_131.jdk/Contents/Home/jre/lib/libverify.dylib
0x000000010ace7000 	/Library/Java/JavaVirtualMachines/jdk1.8.0_131.jdk/Contents/Home/jre/lib/libjava.dylib
0x000000010ad26000 	/Library/Java/JavaVirtualMachines/jdk1.8.0_131.jdk/Contents/Home/jre/lib/libzip.dylib
0x0000000116390000 	/System/Library/Frameworks/JavaVM.framework/Frameworks/JavaRuntimeSupport.framework/JavaRuntimeSupport
0x0000000127e36000 	/System/Library/Frameworks/JavaVM.framework/Versions/A/Frameworks/JavaNativeFoundation.framework/Versions/A/JavaNativeFoundation
0x0000000127e4b000 	/System/Library/Frameworks/JavaVM.framework/Versions/A/JavaVM
0x000000002b474000 	/System/Library/Frameworks/Carbon.framework/Versions/A/Carbon
0x0000000127e58000 	/System/Library/PrivateFrameworks/JavaLaunching.framework/Versions/A/JavaLaunching
0x000000002b474000 	/System/Library/Frameworks/Carbon.framework/Versions/A/Frameworks/CommonPanels.framework/Versions/A/CommonPanels
0x000000002b474000 	/System/Library/Frameworks/Carbon.framework/Versions/A/Frameworks/Help.framework/Versions/A/Help
0x000000002b474000 	/System/Library/Frameworks/Carbon.framework/Versions/A/Frameworks/ImageCapture.framework/Versions/A/ImageCapture
0x000000002b474000 	/System/Library/Frameworks/Carbon.framework/Versions/A/Frameworks/OpenScripting.framework/Versions/A/OpenScripting
0x000000002b474000 	/System/Library/Frameworks/Carbon.framework/Versions/A/Frameworks/Print.framework/Versions/A/Print
0x000000002b474000 	/System/Library/Frameworks/Carbon.framework/Versions/A/Frameworks/SecurityHI.framework/Versions/A/SecurityHI
0x000000012987c000 	/private/var/folders/pw/8glx6jvx7939d_9gjx_b46500000gn/T/libjansi-64-1-8073107375758442084.13
0x000000012995e000 	/Library/Java/JavaVirtualMachines/jdk1.8.0_131.jdk/Contents/Home/jre/lib/libnet.dylib
0x0000000129975000 	/Library/Java/JavaVirtualMachines/jdk1.8.0_131.jdk/Contents/Home/jre/lib/libnio.dylib
0x00000001298f6000 	/Library/Java/JavaVirtualMachines/jdk1.8.0_131.jdk/Contents/Home/jre/lib/libsunec.dylib

VM Arguments:
jvm_args: -Xms64m -Xmx4096m -Dclassworlds.conf=/Users/destab/Tools/apache-maven-3.5.0/bin/m2.conf -Dmaven.home=/Users/destab/Tools/apache-maven-3.5.0 -Dmaven.multiModuleProjectDirectory=/Users/destab/admin-console-beta 
java_command: org.codehaus.plexus.classworlds.launcher.Launcher -T 8 clean install -Dpmd.skip=true -DskipTests=true -DskipTestScope=true -DskipProvidedScope=true -DskipRuntimeScope=true -DskipStatic=true
java_class_path (initial): /Users/destab/Tools/apache-maven-3.5.0/boot/plexus-classworlds-2.5.2.jar
Launcher Type: SUN_STANDARD

Environment Variables:
JAVA_HOME=/Library/Java/JavaVirtualMachines/jdk1.8.0_131.jdk/Contents/Home
PATH=/usr/local/bin:/usr/bin:/bin:/usr/sbin:/sbin:/Users/destab/Tools/apache-maven-3.5.0/bin
SHELL=/bin/bash

Signal Handlers:
SIGSEGV: [libjvm.dylib+0x5b1eb1], sa_mask[0]=11111111011111110111111111111111, sa_flags=SA_ONSTACK|SA_RESTART|SA_SIGINFO
SIGBUS: [libjvm.dylib+0x5b1eb1], sa_mask[0]=11111111011111110111111111111111, sa_flags=SA_RESTART|SA_SIGINFO
SIGFPE: [libjvm.dylib+0x488988], sa_mask[0]=11111111011111110111111111111111, sa_flags=SA_RESTART|SA_SIGINFO
SIGPIPE: [libjvm.dylib+0x488988], sa_mask[0]=11111111011111110111111111111111, sa_flags=SA_RESTART|SA_SIGINFO
SIGXFSZ: [libjvm.dylib+0x488988], sa_mask[0]=11111111011111110111111111111111, sa_flags=SA_RESTART|SA_SIGINFO
SIGILL: [libjvm.dylib+0x488988], sa_mask[0]=11111111011111110111111111111111, sa_flags=SA_RESTART|SA_SIGINFO
SIGUSR1: SIG_DFL, sa_mask[0]=11011111011111100000000111000110, sa_flags=none
SIGUSR2: [libjvm.dylib+0x4884a6], sa_mask[0]=00100000000000000000000000000000, sa_flags=SA_RESTART|SA_SIGINFO
SIGHUP: [libjvm.dylib+0x486a7d], sa_mask[0]=11111111011111110111111111111111, sa_flags=SA_RESTART|SA_SIGINFO
SIGINT: [libjvm.dylib+0x486a7d], sa_mask[0]=11111111011111110111111111111111, sa_flags=SA_RESTART|SA_SIGINFO
SIGTERM: [libjvm.dylib+0x486a7d], sa_mask[0]=11111111011111110111111111111111, sa_flags=SA_RESTART|SA_SIGINFO
SIGQUIT: [libjvm.dylib+0x486a7d], sa_mask[0]=11111111011111110111111111111111, sa_flags=SA_RESTART|SA_SIGINFO


---------------  S Y S T E M  ---------------

OS:Bsduname:Darwin 16.6.0 Darwin Kernel Version 16.6.0: Fri Apr 14 16:21:16 PDT 2017; root:xnu-3789.60.24~6/RELEASE_X86_64 x86_64
rlimit: STACK 8192k, CORE 0k, NPROC 709, NOFILE 10240, AS infinity
load average:17.85 23.50 14.10

CPU:total 8 (initial active 8) (4 cores per cpu, 2 threads per core) family 6 model 70 stepping 1, cmov, cx8, fxsr, mmx, sse, sse2, sse3, ssse3, sse4.1, sse4.2, popcnt, avx, avx2, aes, clmul, erms, lzcnt, ht, tsc, tscinvbit, bmi1, bmi2

Memory: 4k page, physical 16777216k(251764k free)

/proc/meminfo:


vm_info: Java HotSpot(TM) 64-Bit Server VM (25.131-b11) for bsd-amd64 JRE (1.8.0_131-b11), built on Mar 15 2017 01:32:22 by "java_re" with gcc 4.2.1 (Based on Apple Inc. build 5658) (LLVM build 2336.11.00)

time: Tue Jun 27 07:50:46 2017
elapsed time: 230 seconds (0d 0h 3m 50s)

